{
  "RSpec": {
    "coverage": {
      "/Users/zoethomas/Projects/bookmarks/spec/bookmark_list_spec.rb": {
        "lines": [
          1,
          null,
          1,
          1,
          1,
          1,
          null,
          null,
          null
        ]
      },
      "/Users/zoethomas/Projects/bookmarks/spec/features/viewing_bookmarks_spec.rb": {
        "lines": [
          1,
          1,
          1,
          1,
          1,
          1,
          null,
          null
        ]
      }
    },
    "timestamp": 1604337972
  }
}
